5/9/2019 10:11:30 AM
 
Exception
NullReferenceException: Object reference not set to an instance of an object
Deck.LoadDeck () (at Assets/Scripts/Combat/Actions/Cards/Deck.cs:29)
Deck.Awake () (at Assets/Scripts/Combat/Actions/Cards/Deck.cs:16)

Log
Idle
UnityEngine.Debug:Log(Object)
MushineAI:UpdateAI() (at Assets/Machine Learning/Scripts/MushineAI.cs:120)
Entity:Update() (at Assets/Scripts/Combat/Grid/Entity.cs:78)

Log
MoveUp
UnityEngine.Debug:Log(Object)
MushineAI:UpdateAI() (at Assets/Machine Learning/Scripts/MushineAI.cs:120)
Entity:Update() (at Assets/Scripts/Combat/Grid/Entity.cs:78)

Log
MoveUp
UnityEngine.Debug:Log(Object)
MushineAI:UpdateAI() (at Assets/Machine Learning/Scripts/MushineAI.cs:120)
Entity:Update() (at Assets/Scripts/Combat/Grid/Entity.cs:78)

Log
Attacking
UnityEngine.Debug:Log(Object)
MushineAI:UpdateAI() (at Assets/Machine Learning/Scripts/MushineAI.cs:120)
Entity:Update() (at Assets/Scripts/Combat/Grid/Entity.cs:78)

Error
'New SkeletonAnimation' AnimationEvent 'Attack1' has no receiver! Are you missing a component?

Log
MoveUp
UnityEngine.Debug:Log(Object)
MushineAI:UpdateAI() (at Assets/Machine Learning/Scripts/MushineAI.cs:120)
Entity:Update() (at Assets/Scripts/Combat/Grid/Entity.cs:78)

Log
MoveDown
UnityEngine.Debug:Log(Object)
MushineAI:UpdateAI() (at Assets/Machine Learning/Scripts/MushineAI.cs:120)
Entity:Update() (at Assets/Scripts/Combat/Grid/Entity.cs:78)

Log
MoveDown
UnityEngine.Debug:Log(Object)
MushineAI:UpdateAI() (at Assets/Machine Learning/Scripts/MushineAI.cs:120)
Entity:Update() (at Assets/Scripts/Combat/Grid/Entity.cs:78)

Log
MoveDown
UnityEngine.Debug:Log(Object)
MushineAI:UpdateAI() (at Assets/Machine Learning/Scripts/MushineAI.cs:120)
Entity:Update() (at Assets/Scripts/Combat/Grid/Entity.cs:78)

Log
MoveUp
UnityEngine.Debug:Log(Object)
MushineAI:UpdateAI() (at Assets/Machine Learning/Scripts/MushineAI.cs:120)
Entity:Update() (at Assets/Scripts/Combat/Grid/Entity.cs:78)

Log
Attacking
UnityEngine.Debug:Log(Object)
MushineAI:UpdateAI() (at Assets/Machine Learning/Scripts/MushineAI.cs:120)
Entity:Update() (at Assets/Scripts/Combat/Grid/Entity.cs:78)

Error
'New SkeletonAnimation' AnimationEvent 'Attack1' has no receiver! Are you missing a component?

Log
MoveUp
UnityEngine.Debug:Log(Object)
MushineAI:UpdateAI() (at Assets/Machine Learning/Scripts/MushineAI.cs:120)
Entity:Update() (at Assets/Scripts/Combat/Grid/Entity.cs:78)

Log
MoveUp
UnityEngine.Debug:Log(Object)
MushineAI:UpdateAI() (at Assets/Machine Learning/Scripts/MushineAI.cs:120)
Entity:Update() (at Assets/Scripts/Combat/Grid/Entity.cs:78)

Log
MoveDown
UnityEngine.Debug:Log(Object)
MushineAI:UpdateAI() (at Assets/Machine Learning/Scripts/MushineAI.cs:120)
Entity:Update() (at Assets/Scripts/Combat/Grid/Entity.cs:78)

Log
Attacking
UnityEngine.Debug:Log(Object)
MushineAI:UpdateAI() (at Assets/Machine Learning/Scripts/MushineAI.cs:120)
Entity:Update() (at Assets/Scripts/Combat/Grid/Entity.cs:78)

Error
'New SkeletonAnimation' AnimationEvent 'Attack1' has no receiver! Are you missing a component?

Log
MoveDown
UnityEngine.Debug:Log(Object)
MushineAI:UpdateAI() (at Assets/Machine Learning/Scripts/MushineAI.cs:120)
Entity:Update() (at Assets/Scripts/Combat/Grid/Entity.cs:78)

Log
MoveDown
UnityEngine.Debug:Log(Object)
MushineAI:UpdateAI() (at Assets/Machine Learning/Scripts/MushineAI.cs:120)
Entity:Update() (at Assets/Scripts/Combat/Grid/Entity.cs:78)

Log
MoveUp
UnityEngine.Debug:Log(Object)
MushineAI:UpdateAI() (at Assets/Machine Learning/Scripts/MushineAI.cs:120)
Entity:Update() (at Assets/Scripts/Combat/Grid/Entity.cs:78)

Log
MoveUp
UnityEngine.Debug:Log(Object)
MushineAI:UpdateAI() (at Assets/Machine Learning/Scripts/MushineAI.cs:120)
Entity:Update() (at Assets/Scripts/Combat/Grid/Entity.cs:78)

Log
Attacking
UnityEngine.Debug:Log(Object)
MushineAI:UpdateAI() (at Assets/Machine Learning/Scripts/MushineAI.cs:120)
Entity:Update() (at Assets/Scripts/Combat/Grid/Entity.cs:78)

Error
'New SkeletonAnimation' AnimationEvent 'Attack1' has no receiver! Are you missing a component?

Log
Idle
UnityEngine.Debug:Log(Object)
MushineAI:UpdateAI() (at Assets/Machine Learning/Scripts/MushineAI.cs:120)
Entity:Update() (at Assets/Scripts/Combat/Grid/Entity.cs:78)

Log
MoveUp
UnityEngine.Debug:Log(Object)
MushineAI:UpdateAI() (at Assets/Machine Learning/Scripts/MushineAI.cs:120)
Entity:Update() (at Assets/Scripts/Combat/Grid/Entity.cs:78)

Log
MoveDown
UnityEngine.Debug:Log(Object)
MushineAI:UpdateAI() (at Assets/Machine Learning/Scripts/MushineAI.cs:120)
Entity:Update() (at Assets/Scripts/Combat/Grid/Entity.cs:78)

Log
Attacking
UnityEngine.Debug:Log(Object)
MushineAI:UpdateAI() (at Assets/Machine Learning/Scripts/MushineAI.cs:120)
Entity:Update() (at Assets/Scripts/Combat/Grid/Entity.cs:78)

Error
'New SkeletonAnimation' AnimationEvent 'Attack1' has no receiver! Are you missing a component?

Log
MoveDown
UnityEngine.Debug:Log(Object)
MushineAI:UpdateAI() (at Assets/Machine Learning/Scripts/MushineAI.cs:120)
Entity:Update() (at Assets/Scripts/Combat/Grid/Entity.cs:78)

Log
MoveDown
UnityEngine.Debug:Log(Object)
MushineAI:UpdateAI() (at Assets/Machine Learning/Scripts/MushineAI.cs:120)
Entity:Update() (at Assets/Scripts/Combat/Grid/Entity.cs:78)

Log
MoveUp
UnityEngine.Debug:Log(Object)
MushineAI:UpdateAI() (at Assets/Machine Learning/Scripts/MushineAI.cs:120)
Entity:Update() (at Assets/Scripts/Combat/Grid/Entity.cs:78)

Log
Attacking
UnityEngine.Debug:Log(Object)
MushineAI:UpdateAI() (at Assets/Machine Learning/Scripts/MushineAI.cs:120)
Entity:Update() (at Assets/Scripts/Combat/Grid/Entity.cs:78)

Error
'New SkeletonAnimation' AnimationEvent 'Attack1' has no receiver! Are you missing a component?

Log
MoveUp
UnityEngine.Debug:Log(Object)
MushineAI:UpdateAI() (at Assets/Machine Learning/Scripts/MushineAI.cs:120)
Entity:Update() (at Assets/Scripts/Combat/Grid/Entity.cs:78)

Log
MoveUp
UnityEngine.Debug:Log(Object)
MushineAI:UpdateAI() (at Assets/Machine Learning/Scripts/MushineAI.cs:120)
Entity:Update() (at Assets/Scripts/Combat/Grid/Entity.cs:78)

Log
MoveDown
UnityEngine.Debug:Log(Object)
MushineAI:UpdateAI() (at Assets/Machine Learning/Scripts/MushineAI.cs:120)
Entity:Update() (at Assets/Scripts/Combat/Grid/Entity.cs:78)

Log
Attacking
UnityEngine.Debug:Log(Object)
MushineAI:UpdateAI() (at Assets/Machine Learning/Scripts/MushineAI.cs:120)
Entity:Update() (at Assets/Scripts/Combat/Grid/Entity.cs:78)

Log
MoveDown
UnityEngine.Debug:Log(Object)
MushineAI:UpdateAI() (at Assets/Machine Learning/Scripts/MushineAI.cs:120)
Entity:Update() (at Assets/Scripts/Combat/Grid/Entity.cs:78)

Log
MoveDown
UnityEngine.Debug:Log(Object)
MushineAI:UpdateAI() (at Assets/Machine Learning/Scripts/MushineAI.cs:120)
Entity:Update() (at Assets/Scripts/Combat/Grid/Entity.cs:78)

Log
Attacking
UnityEngine.Debug:Log(Object)
MushineAI:UpdateAI() (at Assets/Machine Learning/Scripts/MushineAI.cs:120)
Entity:Update() (at Assets/Scripts/Combat/Grid/Entity.cs:78)

Log
MoveUp
UnityEngine.Debug:Log(Object)
MushineAI:UpdateAI() (at Assets/Machine Learning/Scripts/MushineAI.cs:120)
Entity:Update() (at Assets/Scripts/Combat/Grid/Entity.cs:78)

Log
MoveUp
UnityEngine.Debug:Log(Object)
MushineAI:UpdateAI() (at Assets/Machine Learning/Scripts/MushineAI.cs:120)
Entity:Update() (at Assets/Scripts/Combat/Grid/Entity.cs:78)

Log
Attacking
UnityEngine.Debug:Log(Object)
MushineAI:UpdateAI() (at Assets/Machine Learning/Scripts/MushineAI.cs:120)
Entity:Update() (at Assets/Scripts/Combat/Grid/Entity.cs:78)

Log
MoveUp
UnityEngine.Debug:Log(Object)
MushineAI:UpdateAI() (at Assets/Machine Learning/Scripts/MushineAI.cs:120)
Entity:Update() (at Assets/Scripts/Combat/Grid/Entity.cs:78)

Log
MoveDown
UnityEngine.Debug:Log(Object)
MushineAI:UpdateAI() (at Assets/Machine Learning/Scripts/MushineAI.cs:120)
Entity:Update() (at Assets/Scripts/Combat/Grid/Entity.cs:78)

Log
Attacking
UnityEngine.Debug:Log(Object)
MushineAI:UpdateAI() (at Assets/Machine Learning/Scripts/MushineAI.cs:120)
Entity:Update() (at Assets/Scripts/Combat/Grid/Entity.cs:78)

Log
Idle
UnityEngine.Debug:Log(Object)
MushineAI:UpdateAI() (at Assets/Machine Learning/Scripts/MushineAI.cs:120)
Entity:Update() (at Assets/Scripts/Combat/Grid/Entity.cs:78)

Log
MoveDown
UnityEngine.Debug:Log(Object)
MushineAI:UpdateAI() (at Assets/Machine Learning/Scripts/MushineAI.cs:120)
Entity:Update() (at Assets/Scripts/Combat/Grid/Entity.cs:78)

Log
MoveDown
UnityEngine.Debug:Log(Object)
MushineAI:UpdateAI() (at Assets/Machine Learning/Scripts/MushineAI.cs:120)
Entity:Update() (at Assets/Scripts/Combat/Grid/Entity.cs:78)

Log
Attacking
UnityEngine.Debug:Log(Object)
MushineAI:UpdateAI() (at Assets/Machine Learning/Scripts/MushineAI.cs:120)
Entity:Update() (at Assets/Scripts/Combat/Grid/Entity.cs:78)

Log
MoveUp
UnityEngine.Debug:Log(Object)
MushineAI:UpdateAI() (at Assets/Machine Learning/Scripts/MushineAI.cs:120)
Entity:Update() (at Assets/Scripts/Combat/Grid/Entity.cs:78)

Log
MoveUp
UnityEngine.Debug:Log(Object)
MushineAI:UpdateAI() (at Assets/Machine Learning/Scripts/MushineAI.cs:120)
Entity:Update() (at Assets/Scripts/Combat/Grid/Entity.cs:78)

Log
Attacking
UnityEngine.Debug:Log(Object)
MushineAI:UpdateAI() (at Assets/Machine Learning/Scripts/MushineAI.cs:120)
Entity:Update() (at Assets/Scripts/Combat/Grid/Entity.cs:78)

Log
MoveUp
UnityEngine.Debug:Log(Object)
MushineAI:UpdateAI() (at Assets/Machine Learning/Scripts/MushineAI.cs:120)
Entity:Update() (at Assets/Scripts/Combat/Grid/Entity.cs:78)

Log
MoveDown
UnityEngine.Debug:Log(Object)
MushineAI:UpdateAI() (at Assets/Machine Learning/Scripts/MushineAI.cs:120)
Entity:Update() (at Assets/Scripts/Combat/Grid/Entity.cs:78)

Log
MoveDown
UnityEngine.Debug:Log(Object)
MushineAI:UpdateAI() (at Assets/Machine Learning/Scripts/MushineAI.cs:120)
Entity:Update() (at Assets/Scripts/Combat/Grid/Entity.cs:78)

Log
MoveDown
UnityEngine.Debug:Log(Object)
MushineAI:UpdateAI() (at Assets/Machine Learning/Scripts/MushineAI.cs:120)
Entity:Update() (at Assets/Scripts/Combat/Grid/Entity.cs:78)

Log
MoveUp
UnityEngine.Debug:Log(Object)
MushineAI:UpdateAI() (at Assets/Machine Learning/Scripts/MushineAI.cs:120)
Entity:Update() (at Assets/Scripts/Combat/Grid/Entity.cs:78)

Log
MoveUp
UnityEngine.Debug:Log(Object)
MushineAI:UpdateAI() (at Assets/Machine Learning/Scripts/MushineAI.cs:120)
Entity:Update() (at Assets/Scripts/Combat/Grid/Entity.cs:78)

Log
Attacking
UnityEngine.Debug:Log(Object)
MushineAI:UpdateAI() (at Assets/Machine Learning/Scripts/MushineAI.cs:120)
Entity:Update() (at Assets/Scripts/Combat/Grid/Entity.cs:78)

Log
MoveUp
UnityEngine.Debug:Log(Object)
MushineAI:UpdateAI() (at Assets/Machine Learning/Scripts/MushineAI.cs:120)
Entity:Update() (at Assets/Scripts/Combat/Grid/Entity.cs:78)

Log
MoveDown
UnityEngine.Debug:Log(Object)
MushineAI:UpdateAI() (at Assets/Machine Learning/Scripts/MushineAI.cs:120)
Entity:Update() (at Assets/Scripts/Combat/Grid/Entity.cs:78)

Log
MoveDown
UnityEngine.Debug:Log(Object)
MushineAI:UpdateAI() (at Assets/Machine Learning/Scripts/MushineAI.cs:120)
Entity:Update() (at Assets/Scripts/Combat/Grid/Entity.cs:78)

Log
MoveDown
UnityEngine.Debug:Log(Object)
MushineAI:UpdateAI() (at Assets/Machine Learning/Scripts/MushineAI.cs:120)
Entity:Update() (at Assets/Scripts/Combat/Grid/Entity.cs:78)

Log
Attacking
UnityEngine.Debug:Log(Object)
MushineAI:UpdateAI() (at Assets/Machine Learning/Scripts/MushineAI.cs:120)
Entity:Update() (at Assets/Scripts/Combat/Grid/Entity.cs:78)

Log
Idle
UnityEngine.Debug:Log(Object)
MushineAI:UpdateAI() (at Assets/Machine Learning/Scripts/MushineAI.cs:120)
Entity:Update() (at Assets/Scripts/Combat/Grid/Entity.cs:78)

Log
MoveUp
UnityEngine.Debug:Log(Object)
MushineAI:UpdateAI() (at Assets/Machine Learning/Scripts/MushineAI.cs:120)
Entity:Update() (at Assets/Scripts/Combat/Grid/Entity.cs:78)

Log
MoveUp
UnityEngine.Debug:Log(Object)
MushineAI:UpdateAI() (at Assets/Machine Learning/Scripts/MushineAI.cs:120)
Entity:Update() (at Assets/Scripts/Combat/Grid/Entity.cs:78)

Log
Attacking
UnityEngine.Debug:Log(Object)
MushineAI:UpdateAI() (at Assets/Machine Learning/Scripts/MushineAI.cs:120)
Entity:Update() (at Assets/Scripts/Combat/Grid/Entity.cs:78)

Log
MoveUp
UnityEngine.Debug:Log(Object)
MushineAI:UpdateAI() (at Assets/Machine Learning/Scripts/MushineAI.cs:120)
Entity:Update() (at Assets/Scripts/Combat/Grid/Entity.cs:78)

Log
MoveDown
UnityEngine.Debug:Log(Object)
MushineAI:UpdateAI() (at Assets/Machine Learning/Scripts/MushineAI.cs:120)
Entity:Update() (at Assets/Scripts/Combat/Grid/Entity.cs:78)

Log
MoveDown
UnityEngine.Debug:Log(Object)
MushineAI:UpdateAI() (at Assets/Machine Learning/Scripts/MushineAI.cs:120)
Entity:Update() (at Assets/Scripts/Combat/Grid/Entity.cs:78)

